SF:lib/app/modules/home/models/bpm_model.dart
DA:16,1
DA:32,0
DA:33,0
DA:34,0
DA:35,0
DA:36,0
DA:37,0
DA:38,0
DA:41,2
DA:50,0
DA:51,0
DA:53,0
DA:54,0
DA:55,0
DA:58,0
DA:60,0
DA:61,0
DA:63,0
DA:66,0
DA:67,0
DA:68,0
DA:69,0
DA:72,1
DA:73,2
DA:74,1
DA:75,0
DA:80,1
DA:81,0
DA:88,2
DA:89,1
DA:90,0
DA:95,1
DA:96,0
DA:103,2
DA:104,1
DA:105,0
DA:110,1
DA:111,0
DA:118,2
DA:119,1
DA:120,0
DA:125,1
DA:126,0
DA:132,2
DA:133,1
DA:134,0
DA:139,1
DA:140,0
DA:149,1
DA:150,2
DA:152,1
DA:153,1
DA:154,0
DA:159,1
DA:160,0
DA:167,1
DA:168,1
DA:169,0
DA:174,1
DA:175,0
DA:182,1
DA:183,1
DA:184,0
DA:189,1
DA:190,0
DA:197,1
DA:198,1
DA:199,0
DA:204,1
DA:205,0
DA:212,1
DA:213,1
DA:214,0
DA:219,1
DA:220,0
DA:227,1
DA:228,1
DA:229,0
DA:234,1
DA:235,0
DA:242,1
DA:243,1
DA:244,0
DA:249,1
DA:250,0
DA:259,0
DA:260,0
DA:261,0
DA:262,0
DA:263,0
DA:264,0
DA:265,0
LF:92
LH:41
end_of_record
SF:lib/app/util/alert.util.dart
DA:5,0
DA:6,0
DA:7,0
LF:3
LH:0
end_of_record
